<?xml version="1.0" encoding="UTF-8"?>
<testsuites>
  <testsuite name="" tests="1" assertions="0" failures="0" errors="0" time="0.006643">
    <testsuite name="JSONSchema\Tests\GeneratorTest" file="/mnt/hgfs/vm_share/php-json-schema-generator/tests/JSONSchema/Tests/GeneratorTest.php" namespace="JSONSchema\Tests" fullPackage="JSONSchema.Tests" tests="1" assertions="0" failures="0" errors="0" time="0.006643">
      <testcase name="testCanParseSimple" class="JSONSchema\Tests\GeneratorTest" file="/mnt/hgfs/vm_share/php-json-schema-generator/tests/JSONSchema/Tests/GeneratorTest.php" line="13" assertions="0" time="0.006643"/>
    </testsuite>
  </testsuite>
</testsuites>
